<?xml version="1.0" encoding="UTF-8"?>
<!-- Generated by org.testng.reporters.JUnitXMLReporter -->
<testsuite ignored="1" hostname="MSI" failures="0" tests="1" name="Default test" time="22.789" errors="0" timestamp="2023-04-13T14:37:33 IST">
  <testcase classname="testCases.TC_004_ReservationGrid" name="ValidateSearchingWithANonExistingUnitName" time="8.044"/>
  <testcase classname="testCases.TC_004_ReservationGrid" name="ValidateSearchingWithAnExistingUnitName" time="0.0">
    <ignored/>
  </testcase> <!-- ValidateSearchingWithAnExistingUnitName -->
</testsuite> <!-- Default test -->
