<?xml version="1.0" encoding="UTF-8"?>
<testng-results ignored="1" total="2" passed="1" failed="0" skipped="0">
  <reporter-output>
  </reporter-output>
  <suite started-at="2023-04-13T14:37:10 IST" name="Default suite" finished-at="2023-04-13T14:37:33 IST" duration-ms="22789">
    <groups>
    </groups>
    <test started-at="2023-04-13T14:37:10 IST" name="Default test" finished-at="2023-04-13T14:37:33 IST" duration-ms="22789">
      <class name="testCases.TC_004_ReservationGrid">
        <test-method is-config="true" signature="setup()[pri:0, instance:testCases.TC_004_ReservationGrid@31304f14]" started-at="2023-04-13T14:37:10 IST" name="setup" finished-at="2023-04-13T14:37:24 IST" duration-ms="14692" status="PASS">
          <reporter-output>
          </reporter-output>
        </test-method> <!-- setup -->
        <test-method signature="ValidateSearchingWithANonExistingUnitName()[pri:0, instance:testCases.TC_004_ReservationGrid@31304f14]" started-at="2023-04-13T14:37:25 IST" name="ValidateSearchingWithANonExistingUnitName" finished-at="2023-04-13T14:37:33 IST" duration-ms="8044" status="PASS">
          <reporter-output>
          </reporter-output>
        </test-method> <!-- ValidateSearchingWithANonExistingUnitName -->
        <test-method is-config="true" signature="tearDown()[pri:0, instance:testCases.TC_004_ReservationGrid@31304f14]" started-at="2023-04-13T14:37:33 IST" name="tearDown" finished-at="2023-04-13T14:37:33 IST" duration-ms="0" status="PASS">
          <reporter-output>
          </reporter-output>
        </test-method> <!-- tearDown -->
      </class> <!-- testCases.TC_004_ReservationGrid -->
    </test> <!-- Default test -->
  </suite> <!-- Default suite -->
</testng-results>
