<?xml version="1.0" encoding="UTF-8"?>
<!-- Generated by org.testng.reporters.JUnitXMLReporter -->
<testsuite ignored="0" hostname="MSI" failures="0" tests="6" name="VRWorksTest" time="63.988" errors="0" timestamp="2023-05-10T11:22:28 IST">
  <testcase classname="testCases.TC_001_LoginPage" name="validateLoggingIntoTheApplicationUsingValidCredentials" time="8.152"/>
  <testcase classname="testCases.TC_001_LoginPage" name="ValidateLoggingIntoTheApplicationUsingInvalidCredentials" time="1.585"/>
  <testcase classname="testCases.TC_001_LoginPage" name="ValidateLoggingIntoTheApplicationUsingInvalidEmailAddressValidPassword" time="1.539"/>
  <testcase classname="testCases.TC_001_LoginPage" name="ValidateLoggingIntoTheApplicationWithSelectDropdown" time="6.237"/>
  <testcase classname="testCases.TC_001_LoginPage" name="ValidateLoggingIntoTheApplicationUsingvalidEmailAddressInvalidPassword" time="1.766"/>
  <testcase classname="testCases.TC_001_LoginPage" name="ValidateLoggingIntoTheApplicationWithoutProvidingAnyCredentials" time="5.418"/>
</testsuite> <!-- VRWorksTest -->
